0 info it worked if it ends with ok
1 verbose cli [ '/usr/local/bin/node', '/usr/local/bin/npm', 'run', 'watch' ]
2 info using npm@3.10.10
3 info using node@v6.10.3
4 verbose run-script [ 'prewatch', 'watch', 'postwatch' ]
5 info lifecycle client@1.0.0~prewatch: client@1.0.0
6 silly lifecycle client@1.0.0~prewatch: no script for prewatch, continuing
7 info lifecycle client@1.0.0~watch: client@1.0.0
8 verbose lifecycle client@1.0.0~watch: unsafe-perm in lifecycle true
9 verbose lifecycle client@1.0.0~watch: PATH: /usr/local/lib/node_modules/npm/bin/node-gyp-bin:/Users/vardhaman/Desktop/Design Lab/Fiber/app/node_modules/.bin:/Users/vardhaman/.rbenv/shims:/Users/vardhaman/.rbenv/bin:/usr/local/bin:/usr/bin:/bin:/usr/sbin:/sbin
10 verbose lifecycle client@1.0.0~watch: CWD: /Users/vardhaman/Desktop/Design Lab/Fiber/app
11 silly lifecycle client@1.0.0~watch: Args: [ '-c', 'webpack-dev-server --config webpack.config.js' ]
12 info lifecycle client@1.0.0~watch: Failed to exec watch script
13 verbose stack Error: client@1.0.0 watch: `webpack-dev-server --config webpack.config.js`
13 verbose stack spawn ENOENT
13 verbose stack     at ChildProcess.<anonymous> (/usr/local/lib/node_modules/npm/lib/utils/spawn.js:33:16)
13 verbose stack     at emitTwo (events.js:106:13)
13 verbose stack     at ChildProcess.emit (events.js:191:7)
13 verbose stack     at maybeClose (internal/child_process.js:886:16)
13 verbose stack     at Process.ChildProcess._handle.onexit (internal/child_process.js:226:5)
14 verbose pkgid client@1.0.0
15 verbose cwd /Users/vardhaman/Desktop/Design Lab/Fiber/app
16 error Darwin 16.0.0
17 error argv "/usr/local/bin/node" "/usr/local/bin/npm" "run" "watch"
18 error node v6.10.3
19 error npm  v3.10.10
20 error file sh
21 error code ELIFECYCLE
22 error errno ENOENT
23 error syscall spawn
24 error client@1.0.0 watch: `webpack-dev-server --config webpack.config.js`
24 error spawn ENOENT
25 error Failed at the client@1.0.0 watch script 'webpack-dev-server --config webpack.config.js'.
25 error Make sure you have the latest version of node.js and npm installed.
25 error If you do, this is most likely a problem with the client package,
25 error not with npm itself.
25 error Tell the author that this fails on your system:
25 error     webpack-dev-server --config webpack.config.js
25 error You can get information on how to open an issue for this project with:
25 error     npm bugs client
25 error Or if that isn't available, you can get their info via:
25 error     npm owner ls client
25 error There is likely additional logging output above.
26 verbose exit [ 1, true ]
